gky_cmn/android/app/build/outputs/mapping/release/seeds.txt
com.gky_cmn.MainActivity
com.gky_cmn.MainActivity: MainActivity()
...
com.google.android.gms.internal.measurement.zzeq: java.lang.String zzh
io.flutter.embedding.engine.FlutterJNI: io.flutter.embedding.engine.FlutterOverlaySurface createOverlaySurface()
com.huawei.hms.activity.BridgeActivity: int a(java.lang.String,int)
com.google.android.gms.auth.api.signin.GoogleSignInOptions
com.huawei.hms.android.HwBuildEx$VersionCodes: HwBuildEx$VersionCodes()
com.huawei.hms.scankit.e: boolean u
com.huawei.hms.framework.common.PLSharedPreferences: void remove(java.lang.String)
com.huawei.hms.scankit.p.Ec
androidx.slidingpanelayout.widget.SlidingPaneLayout$SavedState: android.os.Parcelable$Creator CREATOR
com.huawei.hms.scankit.r: void a(com.huawei.hms.scankit.r,int)
com.google.android.gms.internal.measurement.zzfo: int zze
com.huawei.hms.availableupdate.o: android.app.AlertDialog g()
com.huawei.hms.common.internal.ResolveClientBean: com.huawei.hms.common.internal.AnyClient getClient()
com.huawei.hms.scankit.p.Ea: com.huawei.hms.scankit.p.Fa d
com.huawei.hms.analytics.core.transport.net.Response: int httpCode
com.huawei.hms.api.HuaweiApiClient$Builder: java.util.List c
com.huawei.hms.framework.network.grs.GrsManager: java.lang.String parseGrs(java.lang.String)
com.google.android.gms.safetynet.zza
com.huawei.hms.api.b: android.app.PendingIntent getErrPendingIntent(android.content.Context,com.huawei.hms.api.ConnectionResult)
com.huawei.hms.framework.network.grs.local.model.CountryCodeBean: boolean isCodeValidate()
com.huawei.hms.support.api.client.PendingResultsCreator: com.huawei.hms.support.api.client.PendingResult instantPendingResult(com.huawei.hms.support.api.client.Status)
com.huawei.hms.support.api.entity.core.CommonCode$ErrorCode: int NOT_IN_SERVICE
com.huawei.hms.analytics.br$lmn: void onSuccess(com.huawei.hms.analytics.core.transport.net.Response)
com.huawei.hms.framework.common.EmuiUtil: boolean isEMUI()
com.huawei.hms.analytics.bcd: com.huawei.hms.analytics.cde ikl
com.huawei.hms.availableupdate.x: void b(com.huawei.hms.availableupdate.o)
com.huawei.hianalytics.mn.no.a.op.no$mn: java.lang.Runnable mn
com.huawei.hianalytics.mn.mn.mn: java.lang.String pq(java.lang.String,java.lang.String)
com.huawei.hms.analytics.ag: void klm(long)
com.google.android.gms.internal.firebase-auth-api.zzzp: com.google.android.gms.internal.firebase-auth-api.zzzp[] values()
com.huawei.updatesdk.b.i.a: java.lang.String c
com.huawei.hianalytics.mn.no.tu.mn: com.huawei.hianalytics.mn.no.tu.mn mn()
com.huawei.agconnect.credential.R
com.huawei.hms.hmsscankit.api.IOnErrorCallback$Default
com.huawei.hms.analytics.database.EventDao: java.lang.Long getKey(com.huawei.hms.analytics.core.storage.Event)
com.huawei.agconnect.credential.obs.ae: void a(javax.net.ssl.X509TrustManager)
com.huawei.updatesdk.service.otaupdate.UpdateKey
com.huawei.agconnect.common.api.Backend: com.huawei.hmf.tasks.Task call(java.lang.Object,int,java.lang.Class)
com.huawei.hms.ml.scan.HmsScanAnalyzer
com.huawei.hms.mlsdk.common.AgConnectInfo: java.util.List getMLServiceUrls()
com.huawei.hms.ml.common.utils.CountryCodeBean: java.lang.String LOCALE_INFO
com.huawei.hms.scankit.B: com.huawei.hms.scankit.B a
com.huawei.agconnect.credential.obs.l: android.content.Context b
com.huawei.hms.ml.common.utils.BuildConfig: java.lang.String APPLICATION_ID
com.huawei.hms.scankit.q: void onClick(android.view.View)
com.huawei.hms.ml.scan.HmsScan$EventTime: int minutes
com.huawei.updatesdk.b.e.a: java.lang.String a(java.lang.String)
com.huawei.hms.ml.scan.HmsScan$EmailContent$1
com.huawei.hms.ml.scan.HmsBuildBitmapOption: java.lang.String TYPE_BUILD_BITMAP_HEIGHT
com.huawei.hms.ml.camera.CountryCodeBean: java.lang.String getCountryCode()
com.huawei.hms.scankit.p.Ja: int a(com.huawei.hms.scankit.p.C,com.huawei.hms.scankit.p.C)
com.huawei.hms.common.internal.TransactionIdCreater: java.lang.String getId(java.lang.String,java.lang.String)
com.huawei.hms.scankit.p.pb
com.huawei.hms.scankit.p.Hc: int a()
com.huawei.hms.common.util.Logger$a: void a(java.lang.String)