gky_cmn/android/app/build/outputs/mapping/release/mapping.txt
# compiler: R8
# compiler_version: 2.1.62
# min_api: 20
# pg_map_id: ce8e3f4
# common_typos_disable
...
io.flutter.plugin.common.BasicMessageChannel$MessageHandler -> d.a.b.a.b$d:
    void onMessage(java.lang.Object,io.flutter.plugin.common.BasicMessageChannel$Reply) -> a
io.flutter.plugin.common.BasicMessageChannel$Reply -> d.a.b.a.b$e:
    void reply(java.lang.Object) -> a
io.flutter.plugin.common.BinaryMessenger -> d.a.b.a.c:
    void send(java.lang.String,java.nio.ByteBuffer,io.flutter.plugin.common.BinaryMessenger$BinaryReply) -> a
    void send(java.lang.String,java.nio.ByteBuffer) -> b
    void setMessageHandler(java.lang.String,io.flutter.plugin.common.BinaryMessenger$BinaryMessageHandler) -> d
io.flutter.plugin.common.BinaryMessenger$BinaryMessageHandler -> d.a.b.a.c$a:
    void onMessage(java.nio.ByteBuffer,io.flutter.plugin.common.BinaryMessenger$BinaryReply) -> a
io.flutter.plugin.common.BinaryMessenger$BinaryReply -> d.a.b.a.c$b:
    void reply(java.nio.ByteBuffer) -> a
io.flutter.plugin.common.EventChannel -> d.a.b.a.d:
    io.flutter.plugin.common.MethodCodec codec -> c
    io.flutter.plugin.common.BinaryMessenger messenger -> a
    java.lang.String name -> b
    1:1:void <init>(io.flutter.plugin.common.BinaryMessenger,java.lang.String,io.flutter.plugin.common.MethodCodec):0:0 -> <init>
    1:1:void <init>(io.flutter.plugin.common.BinaryMessenger,java.lang.String):0 -> <init>
    io.flutter.plugin.common.MethodCodec access$000(io.flutter.plugin.common.EventChannel) -> a
    java.lang.String access$200(io.flutter.plugin.common.EventChannel) -> b
    io.flutter.plugin.common.BinaryMessenger access$400(io.flutter.plugin.common.EventChannel) -> c
    void setStreamHandler(io.flutter.plugin.common.EventChannel$StreamHandler) -> d
io.flutter.plugin.common.EventChannel$1 -> d.a.b.a.d$a:
io.flutter.plugin.common.EventChannel$EventSink -> d.a.b.a.d$b:
    void success(java.lang.Object) -> a
io.flutter.plugin.common.EventChannel$IncomingStreamRequestHandler -> d.a.b.a.d$c:
    io.flutter.plugin.common.EventChannel this$0 -> c
    java.util.concurrent.atomic.AtomicReference activeSink -> b
    io.flutter.plugin.common.EventChannel$StreamHandler handler -> a
    1:1:void onListen(java.lang.Object,io.flutter.plugin.common.BinaryMessenger$BinaryReply):0:0 -> a
    1:1:void onMessage(java.nio.ByteBuffer,io.flutter.plugin.common.BinaryMessenger$BinaryReply):0 -> a
    2:2:void io.flutter.Log.e(java.lang.String,java.lang.String,java.lang.Throwable):0:0 -> a
    2:2:void onListen(java.lang.Object,io.flutter.plugin.common.BinaryMessenger$BinaryReply):0 -> a
    2:2:void onMessage(java.nio.ByteBuffer,io.flutter.plugin.common.BinaryMessenger$BinaryReply):0 -> a
    3:3:void onListen(java.lang.Object,io.flutter.plugin.common.BinaryMessenger$BinaryReply):0:0 -> a
    3:3:void onMessage(java.nio.ByteBuffer,io.flutter.plugin.common.BinaryMessenger$BinaryReply):0 -> a
    4:4:void io.flutter.Log.e(java.lang.String,java.lang.String,java.lang.Throwable):0:0 -> a
    4:4:void onListen(java.lang.Object,io.flutter.plugin.common.BinaryMessenger$BinaryReply):0 -> a
    4:4:void onMessage(java.nio.ByteBuffer,io.flutter.plugin.common.BinaryMessenger$BinaryReply):0 -> a
    5:5:void onListen(java.lang.Object,io.flutter.plugin.common.BinaryMessenger$BinaryReply):0:0 -> a
    5:5:void onMessage(java.nio.ByteBuffer,io.flutter.plugin.common.BinaryMessenger$BinaryReply):0 -> a
io.flutter.plugin.common.EventChannel$IncomingStreamRequestHandler$EventSinkImplementation -> d.a.b.a.d$c$a:
    io.flutter.plugin.common.EventChannel$IncomingStreamRequestHandler this$1 -> b
    java.util.concurrent.atomic.AtomicBoolean hasEnded -> a
    1:1:void <init>(io.flutter.plugin.common.EventChannel$IncomingStreamRequestHandler):0:0 -> <init>
    1:1:void <init>(io.flutter.plugin.common.EventChannel$IncomingStreamRequestHandler,io.flutter.plugin.common.EventChannel$1):0 -> <init>
    void success(java.lang.Object) -> a