gky_cmn/android/app/build/outputs/mapping/release/usage.txt
com.gky_cmn.R$id
com.gky_cmn.R$dimen
com.gky_cmn.R$bool
com.gky_cmn.R$color
com.gky_cmn.R$style
com.gky_cmn.R
com.gky_cmn.R$anim
com.gky_cmn.R$drawable
com.gky_cmn.R$mipmap
com.gky_cmn.R$styleable
com.gky_cmn.R$string
com.gky_cmn.R$interpolator
com.gky_cmn.R$integer
com.gky_cmn.R$layout
com.gky_cmn.R$attr
com.gky_cmn.BuildConfig
...
androidx.core.app.FrameMetricsAggregator$FrameMetricsApi24Impl
androidx.core.util.Preconditions:
    public static void checkArgument(boolean)
    public static void checkArgument(boolean,java.lang.Object)
    public static void checkState(boolean,java.lang.String)
    public static void checkState(boolean)
    public static int checkArgumentNonnegative(int,java.lang.String)
    public static int checkArgumentInRange(int,int,int,java.lang.String)
    private void <init>()
com.google.common.collect.DenseImmutableTable$ColumnMap
com.google.common.io.Resources$1
androidx.slidingpanelayout.R$color
androidx.core.widget.CompoundButtonCompat:
    private void <init>()
    public static android.content.res.ColorStateList getButtonTintList(android.widget.CompoundButton)
    public static android.graphics.PorterDuff$Mode getButtonTintMode(android.widget.CompoundButton)
    private static final java.lang.String TAG
com.huawei.secure.android.common.util.SecurityCommonException
kotlin.internal.HidesMembers
okio.Base64:
    private void <init>()
    public static byte[] decode(java.lang.String)
    public static java.lang.String encodeUrl(byte[])
com.google.common.util.concurrent.ListenableFutureTask
io.flutter.embedding.engine.FlutterEngineConnectionRegistry$FlutterEngineBroadcastReceiverPluginBinding:
    void <init>(android.content.BroadcastReceiver)
    public android.content.BroadcastReceiver getBroadcastReceiver()
    private final android.content.BroadcastReceiver broadcastReceiver
com.google.common.base.internal.Finalizer
com.google.android.gms.common.api.BatchResult
com.google.common.collect.Platform
io.flutter.plugins.firebase.core.R$color
kotlin.collections.CollectionsKt___CollectionsJvmKt
kotlin.jvm.internal.ArrayIteratorsKt
com.google.firebase.installations.R$style
kotlin.jvm.internal.KTypeBase
com.google.common.collect.Serialization
com.google.common.collect.TreeRangeSet$ComplementRangesByLowerBound$2
kotlin.ExperimentalUnsignedTypes
com.google.common.collect.ImmutableMultimap$2
androidx.core.text.TextDirectionHeuristicsCompat$TextDirectionHeuristicInternal
com.huawei.hms.framework.network.frameworkcompat.R
com.google.common.collect.Queues
okhttp3.RequestBody:
    public static okhttp3.RequestBody create(okhttp3.MediaType,okio.ByteString)
    public static okhttp3.RequestBody create(okhttp3.MediaType,java.io.File)
kotlin.contracts.SimpleEffect
com.google.common.collect.Maps$FilteredEntryNavigableMap$1
kotlin.jvm.functions.Function6
com.google.common.math.IntMath$1
com.google.android.gms.internal.safetynet.zzp
com.google.android.gms.internal.firebase-auth-api.zzrf
com.huawei.hms.aaid.plugin.ProxyCenter:
    public static void register(com.huawei.hms.aaid.plugin.PushProxy)
com.google.android.gms.auth.api.proxy.ProxyApi$SpatulaHeaderResult
com.huawei.secure.android.common.encrypt.utils.a
io.flutter.plugins.googlesignin.Executors:
    private void <init>()
com.google.android.gms.common.server.response.zag
kotlin.jvm.JvmPackageName
io.flutter.embedding.engine.plugins.activity.ActivityControlSurface:
    public abstract void attachToActivity(android.app.Activity,androidx.lifecycle.Lifecycle)
org.jetbrains.annotations.PropertyKey
androidx.annotation.FractionRes
com.google.common.reflect.Parameter
com.google.common.graph.AbstractDirectedNetworkConnections$1
androidx.appcompat.widget.LinearLayoutCompat$DividerMode
io.flutter.embedding.engine.dart.DartExecutor$DartEntrypoint:
    public static io.flutter.embedding.engine.dart.DartExecutor$DartEntrypoint createDefault()
    public void <init>(java.lang.String,java.lang.String,java.lang.String)
androidx.fragment.app.ListFragment$1
kotlin.ArrayIntrinsicsKt